#fOrTyTwO
$hz=100;
$XS_VERSION='DProf 20050310.00';
# All values are given in HZ
$over_utime=10; $over_stime=10; $over_rtime=18;
$over_tests=10000;
$rrun_utime=14; $rrun_stime=15; $rrun_rtime=85;
$total_marks=1263                                                                                                                                                                               

PART2
@ 1 1 3
& 2 main BEGIN
+ 2
& 3 File::Glob BEGIN
+ 3
@ 1 0 0
& 4 strict bits
+ 4
- 4
& 5 strict import
+ 5
- 5
- 3
& 6 File::Glob BEGIN
+ 6
- 6
& 7 XSLoader load
+ 7
@ 0 0 1
& 8 DynaLoader dl_find_symbol
+ 8
- 8
& 9 DynaLoader dl_load_file
+ 9
- 9
& a DynaLoader dl_undef_symbols
+ a
- a
+ 8
- 8
& b DynaLoader dl_install_xsub
+ b
- b
& c File::Glob bootstrap
+ c
- c
- 7
& d File::Glob GLOB_CSH
+ d
& e File::Glob AUTOLOAD
+ e
& f File::Glob constant
+ f
- f
& 10 File::Glob GLOB_BRACE
* 10
- e
+ e
+ f
- f
& 11 File::Glob GLOB_NOMAGIC
* 11
- e
+ e
+ f
- f
& 12 File::Glob GLOB_QUOTE
* 12
- e
+ e
+ f
- f
& 13 File::Glob GLOB_TILDE
* 13
- e
+ e
+ f
- f
& 14 File::Glob GLOB_ALPHASORT
* 14
- e
- d
- 2
& 15 main recursedir
+ 15
& 16 File::Glob csh_glob
+ 16
& 17 File::Glob doglob
+ 17
- 17
- 16
@ 0 0 1
+ 15
+ 16
+ 17
- 17
- 16
- 15
+ 15
+ 16
+ 17
- 17
- 16
@ 1 0 0
- 15
@ 0 0 4
+ 15
+ 16
+ 17
- 17
- 16
+ 15
+ 16
+ 17
@ 0 0 1
- 17
- 16
+ 15
+ 16
+ 17
- 17
- 16
- 15
+ 15
+ 16
+ 17
- 17
- 16
- 15
- 15
- 15
+ 15
+ 16
+ 17
- 17
@ 0 0 1
- 16
- 15
+ 15
+ 16
+ 17
- 17
- 16
@ 0 1 0
+ 15
+ 16
+ 17
- 17
- 16
@ 0 0 1
+ 15
+ 16
+ 17
- 17
- 16
+ 15
+ 16
+ 17
- 17
- 16
- 15
- 15
- 15
+ 15
+ 16
+ 17
- 17
- 16
@ 0 0 1
+ 15
+ 16
+ 17
- 17
- 16
- 15
- 15
- 15
+ 15
+ 16
+ 17
- 17
- 16
+ 15
+ 16
+ 17
- 17
- 16
@ 0 0 1
+ 15
+ 16
+ 17
- 17
- 16
- 15
- 15
- 15
+ 15
+ 16
+ 17
- 17
- 16
+ 15
+ 16
+ 17
- 17
- 16
+ 15
+ 16
+ 17
- 17
- 16
@ 0 0 1
+ 15
+ 16
@ 1 0 0
+ 17
- 17
- 16
- 15
- 15
- 15
- 15
+ 15
+ 16
+ 17
- 17
- 16
- 15
+ 15
+ 16
+ 17
@ 0 0 1
- 17
- 16
+ 15
+ 16
+ 17
- 17
- 16
+ 15
@ 0 1 0
+ 16
+ 17
- 17
- 16
+ 15
+ 16
+ 17
@ 0 0 1
- 17
- 16
+ 15
+ 16
+ 17
- 17
- 16
- 15
- 15
- 15
+ 15
+ 16
+ 17
- 17
- 16
@ 0 0 1
+ 15
+ 16
+ 17
- 17
- 16
+ 15
+ 16
+ 17
- 17
- 16
- 15
+ 15
+ 16
+ 17
- 17
- 16
- 15
- 15
@ 0 0 1
- 15
+ 15
+ 16
+ 17
- 17
- 16
- 15
- 15
+ 15
+ 16
+ 17
- 17
- 16
@ 0 0 3
+ 15
+ 16
+ 17
- 17
- 16
+ 15
+ 16
+ 17
- 17
- 16
@ 1 0 0
- 15
- 15
@ 0 0 1
+ 15
+ 16
+ 17
- 17
- 16
- 15
- 15
@ 0 1 0
+ 15
+ 16
+ 17
- 17
- 16
+ 15
+ 16
+ 17
@ 0 0 1
- 17
- 16
+ 15
+ 16
+ 17
- 17
- 16
- 15
- 15
+ 15
+ 16
+ 17
- 17
- 16
- 15
- 15
+ 15
+ 16
+ 17
@ 0 0 1
- 17
- 16
+ 15
+ 16
+ 17
- 17
- 16
+ 15
+ 16
+ 17
- 17
- 16
+ 15
@ 0 0 1
+ 16
+ 17
- 17
- 16
- 15
- 15
- 15
+ 15
+ 16
+ 17
- 17
- 16
+ 15
+ 16
+ 17
- 17
- 16
@ 0 0 1
+ 15
+ 16
+ 17
- 17
- 16
- 15
+ 15
+ 16
+ 17
- 17
- 16
- 15
- 15
- 15
+ 15
@ 0 1 0
+ 16
+ 17
@ 0 0 1
- 17
- 16
- 15
- 15
@ 1 0 0
- 15
+ 15
+ 16
+ 17
- 17
- 16
+ 15
+ 16
+ 17
- 17
- 16
@ 0 0 1
+ 15
+ 16
+ 17
- 17
- 16
- 15
- 15
+ 15
+ 16
+ 17
- 17
- 16
- 15
- 15
+ 15
+ 16
+ 17
- 17
- 16
@ 0 0 1
+ 15
+ 16
+ 17
- 17
- 16
+ 15
+ 16
+ 17
- 17
- 16
- 15
- 15
- 15
+ 15
+ 16
+ 17
- 17
- 16
- 15
@ 0 0 1
+ 15
+ 16
+ 17
- 17
- 16
+ 15
+ 16
+ 17
- 17
- 16
+ 15
+ 16
+ 17
- 17
- 16
- 15
- 15
- 15
@ 0 0 1
+ 15
+ 16
+ 17
- 17
- 16
+ 15
+ 16
+ 17
- 17
- 16
@ 0 1 0
- 15
+ 15
+ 16
+ 17
- 17
- 16
@ 0 0 1
+ 15
+ 16
+ 17
- 17
- 16
+ 15
+ 16
+ 17
- 17
- 16
+ 15
+ 16
+ 17
- 17
- 16
@ 0 0 3
+ 15
+ 16
+ 17
- 17
- 16
+ 15
+ 16
+ 17
- 17
@ 1 0 0
- 16
- 15
- 15
- 15
- 15
- 15
@ 0 0 1
+ 15
+ 16
+ 17
- 17
- 16
+ 15
+ 16
+ 17
- 17
- 16
+ 15
+ 16
+ 17
- 17
- 16
@ 0 0 1
+ 15
+ 16
+ 17
- 17
- 16
+ 15
+ 16
+ 17
- 17
- 16
- 15
- 15
- 15
- 15
+ 15
+ 16
+ 17
- 17
- 16
+ 15
+ 16
+ 17
@ 0 0 1
- 17
- 16
+ 15
+ 16
+ 17
- 17
- 16
- 15
- 15
- 15
- 15
+ 15
+ 16
+ 17
- 17
- 16
- 15
- 15
@ 0 0 1
+ 15
+ 16
+ 17
- 17
- 16
@ 0 1 0
+ 15
+ 16
+ 17
- 17
- 16
+ 15
+ 16
+ 17
- 17
- 16
+ 15
+ 16
+ 17
@ 0 0 1
- 17
- 16
+ 15
+ 16
+ 17
- 17
- 16
+ 15
+ 16
+ 17
- 17
- 16
- 15
+ 15
+ 16
@ 0 0 1
+ 17
- 17
- 16
- 15
- 15
+ 15
+ 16
+ 17
- 17
- 16
+ 15
+ 16
+ 17
- 17
- 16
- 15
- 15
- 15
@ 0 0 1
+ 15
+ 16
@ 1 0 0
+ 17
- 17
- 16
+ 15
+ 16
+ 17
- 17
- 16
+ 15
+ 16
+ 17
- 17
- 16
- 15
- 15
- 15
@ 0 0 1
+ 15
+ 16
+ 17
- 17
- 16
+ 15
+ 16
+ 17
- 17
- 16
+ 15
+ 16
+ 17
- 17
- 16
- 15
- 15
- 15
@ 0 0 1
+ 15
+ 16
+ 17
- 17
- 16
+ 15
+ 16
+ 17
@ 0 1 0
- 17
- 16
+ 15
+ 16
+ 17
- 17
- 16
- 15
- 15
- 15
@ 0 0 1
+ 15
+ 16
+ 17
- 17
- 16
+ 15
+ 16
+ 17
- 17
- 16
+ 15
+ 16
+ 17
- 17
- 16
- 15
- 15
- 15
+ 15
+ 16
+ 17
@ 0 0 1
- 17
- 16
+ 15
+ 16
+ 17
- 17
- 16
+ 15
+ 16
+ 17
- 17
- 16
- 15
- 15
- 15
@ 0 0 3
+ 15
+ 16
+ 17
- 17
- 16
@ 0 0 1
+ 15
+ 16
+ 17
- 17
- 16
+ 15
+ 16
+ 17
- 17
- 16
- 15
- 15
- 15
+ 15
+ 16
+ 17
- 17
- 16
@ 0 0 1
+ 15
@ 1 0 0
+ 16
+ 17
- 17
- 16
+ 15
+ 16
+ 17
- 17
- 16
- 15
- 15
- 15
+ 15
+ 16
+ 17
- 17
- 16
@ 0 0 1
+ 15
+ 16
+ 17
@ 0 1 0
- 17
- 16
+ 15
+ 16
+ 17
- 17
- 16
- 15
- 15
- 15
+ 15
+ 16
+ 17
- 17
- 16
@ 0 0 1
+ 15
+ 16
+ 17
- 17
- 16
+ 15
+ 16
+ 17
- 17
- 16
- 15
- 15
- 15
+ 15
+ 16
+ 17
- 17
- 16
@ 0 0 1
+ 15
+ 16
+ 17
- 17
- 16
+ 15
+ 16
+ 17
- 17
- 16
- 15
- 15
+ 15
+ 16
+ 17
- 17
- 16
@ 0 0 1
+ 15
+ 16
+ 17
- 17
- 16
- 15
- 15
- 15
+ 15
+ 16
+ 17
- 17
- 16
+ 15
+ 16
+ 17
- 17
- 16
@ 0 0 1
+ 15
+ 16
+ 17
- 17
- 16
- 15
- 15
+ 15
+ 16
+ 17
- 17
- 16
+ 15
+ 16
+ 17
- 17
- 16
- 15
- 15
- 15
@ 0 0 1
+ 15
+ 16
@ 1 0 0
+ 17
@ 0 1 0
- 17
- 16
+ 15
+ 16
+ 17
- 17
- 16
+ 15
+ 16
+ 17
- 17
- 16
- 15
- 15
@ 0 0 1
+ 15
+ 16
+ 17
- 17
- 16
+ 15
+ 16
+ 17
- 17
- 16
- 15
- 15
+ 15
+ 16
+ 17
- 17
- 16
@ 0 0 1
+ 15
+ 16
+ 17
- 17
- 16
- 15
- 15
- 15
+ 15
+ 16
+ 17
- 17
- 16
+ 15
+ 16
+ 17
- 17
- 16
@ 0 0 1
+ 15
+ 16
+ 17
- 17
- 16
- 15
- 15
- 15
- 15
- 15
+ 15
+ 16
+ 17
- 17
- 16
- 15
- 15
+ 15
+ 16
+ 17
- 17
- 16
@ 0 0 3
+ 15
+ 16
+ 17
@ 0 0 1
- 17
- 16
+ 15
+ 16
+ 17
- 17
- 16
+ 15
+ 16
+ 17
- 17
- 16
+ 15
+ 16
+ 17
@ 0 1 1
- 17
- 16
+ 15
+ 16
+ 17
- 17
- 16
- 15
+ 15
+ 16
+ 17
- 17
- 16
- 15
- 15
+ 15
+ 16
+ 17
@ 0 0 1
- 17
- 16
@ 1 0 0
+ 15
+ 16
+ 17
- 17
- 16
- 15
- 15
- 15
+ 15
+ 16
+ 17
- 17
- 16
+ 15
+ 16
+ 17
@ 0 0 1
- 17
- 16
+ 15
+ 16
+ 17
- 17
- 16
- 15
- 15
- 15
+ 15
+ 16
+ 17
- 17
- 16
+ 15
+ 16
+ 17
- 17
- 16
@ 0 0 1
+ 15
+ 16
+ 17
- 17
- 16
- 15
- 15
- 15
+ 15
+ 16
+ 17
- 17
- 16
+ 15
+ 16
+ 17
@ 0 0 1
- 17
- 16
+ 15
+ 16
+ 17
- 17
- 16
- 15
- 15
- 15
+ 15
+ 16
+ 17
- 17
- 16
+ 15
+ 16
+ 17
- 17
- 16
@ 0 0 1
+ 15
@ 0 1 0
+ 16
+ 17
- 17
- 16
- 15
- 15
- 15
+ 15
+ 16
+ 17
- 17
- 16
+ 15
+ 16
+ 17
- 17
- 16
@ 0 0 1
+ 15
+ 16
+ 17
- 17
- 16
- 15
- 15
- 15
+ 15
+ 16
+ 17
- 17
- 16
+ 15
+ 16
+ 17
- 17
- 16
@ 0 0 1
+ 15
+ 16
+ 17
- 17
- 16
- 15
- 15
- 15
+ 15
+ 16
@ 1 0 0
+ 17
- 17
- 16
+ 15
+ 16
+ 17
- 17
- 16
@ 0 0 1
+ 15
+ 16
+ 17
- 17
- 16
- 15
- 15
- 15
+ 15
+ 16
+ 17
- 17
- 16
+ 15
+ 16
+ 17
- 17
- 16
@ 0 0 1
+ 15
+ 16
+ 17
- 17
- 16
- 15
- 15
- 15
+ 15
+ 16
+ 17
- 17
- 16
+ 15
+ 16
+ 17
- 17
- 16
@ 0 0 3
+ 15
+ 16
+ 17
@ 0 1 0
- 17
@ 0 0 1
- 16
- 15
- 15
- 15
+ 15
+ 16
+ 17
- 17
- 16
+ 15
+ 16
+ 17
- 17
- 16
+ 15
+ 16
+ 17
@ 0 0 1
- 17
- 16
- 15
- 15
+ 15
+ 16
+ 17
- 17
- 16
+ 15
+ 16
+ 17
- 17
- 16
- 15
- 15
- 15
+ 15
+ 16
+ 17
- 17
- 16
@ 0 0 1
+ 15
+ 16
+ 17
- 17
- 16
+ 15
+ 16
+ 17
- 17
- 16
- 15
- 15
+ 15
+ 16
+ 17
@ 0 0 1
- 17
- 16
+ 15
+ 16
+ 17
- 17
- 16
- 15
- 15
- 15
+ 15
+ 16
@ 1 0 0
+ 17
- 17
- 16
+ 15
+ 16
+ 17
- 17
- 16
@ 0 0 1
+ 15
+ 16
+ 17
- 17
- 16
- 15
- 15
+ 15
+ 16
+ 17
- 17
- 16
+ 15
+ 16
+ 17
@ 0 1 1
- 17
- 16
- 15
- 15
+ 15
+ 16
+ 17
- 17
- 16
+ 15
+ 16
+ 17
- 17
- 16
- 15
- 15
- 15
+ 15
+ 16
+ 17
@ 0 0 1
- 17
- 16
+ 15
+ 16
+ 17
- 17
- 16
+ 15
+ 16
+ 17
- 17
- 16
- 15
- 15
- 15
- 15
- 15
+ 15
@ 0 0 1
+ 16
+ 17
- 17
- 16
- 15
- 15
+ 15
+ 16
+ 17
- 17
- 16
+ 15
+ 16
+ 17
- 17
- 16
+ 15
+ 16
+ 17
@ 0 0 1
- 17
- 16
+ 15
+ 16
+ 17
- 17
- 16
- 15
- 15
- 15
- 15
+ 15
+ 16
+ 17
- 17
- 16
@ 0 0 1
+ 15
+ 16
+ 17
- 17
- 16
- 15
+ 15
+ 16
+ 17
- 17
- 16
- 15
- 15
+ 15
+ 16
+ 17
- 17
- 16
@ 1 0 0
- 15
- 15
@ 0 0 1
+ 15
+ 16
+ 17
@ 0 1 0
- 17
- 16
- 15
+ 15
+ 16
+ 17
- 17
- 16
+ 15
+ 16
+ 17
- 17
- 16
- 15
- 15
- 15
+ & Devel::DProf::write
@ 0 0 4
- & Devel::DProf::write
